INFO:root:Start command by {'id': 320496591, 'is_bot': False, 'first_name': 'непередаване', 'username': 'neperedavane', 'last_name': None, 'language_code': 'uk', 'can_join_groups': None, 'can_read_all_group_messages': None, 'supports_inline_queries': None, 'is_premium': None, 'added_to_attachment_menu': None}, 1701269496
ERROR:TeleBot:Threaded polling exception: A request to the Telegram API was unsuccessful. Error code: 400. Description: Bad Request: message to delete not found
ERROR:TeleBot:Exception traceback:
Traceback (most recent call last):
  File "C:\Users\Cockroach\Documents\1PROJECTS\py\spotify_info_bot\venv\Lib\site-packages\telebot\__init__.py", line 1074, in __threaded_polling
    self.worker_pool.raise_exceptions()
  File "C:\Users\Cockroach\Documents\1PROJECTS\py\spotify_info_bot\venv\Lib\site-packages\telebot\util.py", line 147, in raise_exceptions
    raise self.exception_info
  File "C:\Users\Cockroach\Documents\1PROJECTS\py\spotify_info_bot\venv\Lib\site-packages\telebot\util.py", line 90, in run
    task(*args, **kwargs)
  File "C:\Users\Cockroach\Documents\1PROJECTS\py\spotify_info_bot\venv\Lib\site-packages\telebot\__init__.py", line 6801, in _run_middlewares_and_handler
    result = handler['function'](message)
             ^^^^^^^^^^^^^^^^^^^^^^^^^^^^
  File "C:\Users\Cockroach\Documents\1PROJECTS\py\spotify_info_bot\src\app.py", line 375, in callback_query
    bot.delete_message(call.message.chat.id, call.message.id - 2)
  File "C:\Users\Cockroach\Documents\1PROJECTS\py\spotify_info_bot\venv\Lib\site-packages\telebot\__init__.py", line 1696, in delete_message
    return apihelper.delete_message(self.token, chat_id, message_id, timeout)
           ^^^^^^^^^^^^^^^^^^^^^^^^^^^^^^^^^^^^^^^^^^^^^^^^^^^^^^^^^^^^^^^^^^
  File "C:\Users\Cockroach\Documents\1PROJECTS\py\spotify_info_bot\venv\Lib\site-packages\telebot\apihelper.py", line 1383, in delete_message
    return _make_request(token, method_url, params=payload, method='post')
           ^^^^^^^^^^^^^^^^^^^^^^^^^^^^^^^^^^^^^^^^^^^^^^^^^^^^^^^^^^^^^^^
  File "C:\Users\Cockroach\Documents\1PROJECTS\py\spotify_info_bot\venv\Lib\site-packages\telebot\apihelper.py", line 162, in _make_request
    json_result = _check_result(method_name, result)
                  ^^^^^^^^^^^^^^^^^^^^^^^^^^^^^^^^^^
  File "C:\Users\Cockroach\Documents\1PROJECTS\py\spotify_info_bot\venv\Lib\site-packages\telebot\apihelper.py", line 189, in _check_result
    raise ApiTelegramException(method_name, result, result_json)
telebot.apihelper.ApiTelegramException: A request to the Telegram API was unsuccessful. Error code: 400. Description: Bad Request: message to delete not found

INFO:root:Start command by {'id': 320496591, 'is_bot': False, 'first_name': 'непередаване', 'username': 'neperedavane', 'last_name': None, 'language_code': 'uk', 'can_join_groups': None, 'can_read_all_group_messages': None, 'supports_inline_queries': None, 'is_premium': None, 'added_to_attachment_menu': None}, 1701269875
INFO:root:Start command by {'id': 320496591, 'is_bot': False, 'first_name': 'непередаване', 'username': 'neperedavane', 'last_name': None, 'language_code': 'uk', 'can_join_groups': None, 'can_read_all_group_messages': None, 'supports_inline_queries': None, 'is_premium': None, 'added_to_attachment_menu': None}, 1701269875
INFO:root:Start command by {'id': 320496591, 'is_bot': False, 'first_name': 'непередаване', 'username': 'neperedavane', 'last_name': None, 'language_code': 'uk', 'can_join_groups': None, 'can_read_all_group_messages': None, 'supports_inline_queries': None, 'is_premium': None, 'added_to_attachment_menu': None}, 1701269949
INFO:root:Start command by {'id': 320496591, 'is_bot': False, 'first_name': 'непередаване', 'username': 'neperedavane', 'last_name': None, 'language_code': 'uk', 'can_join_groups': None, 'can_read_all_group_messages': None, 'supports_inline_queries': None, 'is_premium': None, 'added_to_attachment_menu': None}, 1701270044
INFO:root:User {'id': 320496591, 'is_bot': False, 'first_name': 'непередаване', 'username': 'neperedavane', 'last_name': None, 'language_code': 'uk', 'can_join_groups': None, 'can_read_all_group_messages': None, 'supports_inline_queries': None, 'is_premium': None, 'added_to_attachment_menu': None} searched for second coming
INFO:root:Start command by {'id': 320496591, 'is_bot': False, 'first_name': 'непередаване', 'username': 'neperedavane', 'last_name': None, 'language_code': 'uk', 'can_join_groups': None, 'can_read_all_group_messages': None, 'supports_inline_queries': None, 'is_premium': None, 'added_to_attachment_menu': None}, 1701270465
INFO:root:User {'id': 320496591, 'is_bot': False, 'first_name': 'непередаване', 'username': 'neperedavane', 'last_name': None, 'language_code': 'uk', 'can_join_groups': None, 'can_read_all_group_messages': None, 'supports_inline_queries': None, 'is_premium': None, 'added_to_attachment_menu': None} searched for second coming
INFO:root:Start command by {'id': 320496591, 'is_bot': False, 'first_name': 'непередаване', 'username': 'neperedavane', 'last_name': None, 'language_code': 'uk', 'can_join_groups': None, 'can_read_all_group_messages': None, 'supports_inline_queries': None, 'is_premium': None, 'added_to_attachment_menu': None}, 1701271781
INFO:root:User {'id': 320496591, 'is_bot': False, 'first_name': 'непередаване', 'username': 'neperedavane', 'last_name': None, 'language_code': 'uk', 'can_join_groups': None, 'can_read_all_group_messages': None, 'supports_inline_queries': None, 'is_premium': None, 'added_to_attachment_menu': None} searched for second coming
INFO:root:Start command by {'id': 320496591, 'is_bot': False, 'first_name': 'непередаване', 'username': 'neperedavane', 'last_name': None, 'language_code': 'uk', 'can_join_groups': None, 'can_read_all_group_messages': None, 'supports_inline_queries': None, 'is_premium': None, 'added_to_attachment_menu': None}, 1701271973
INFO:root:User {'id': 320496591, 'is_bot': False, 'first_name': 'непередаване', 'username': 'neperedavane', 'last_name': None, 'language_code': 'uk', 'can_join_groups': None, 'can_read_all_group_messages': None, 'supports_inline_queries': None, 'is_premium': None, 'added_to_attachment_menu': None} searched for second coming
INFO:root:Start command by {'id': 320496591, 'is_bot': False, 'first_name': 'непередаване', 'username': 'neperedavane', 'last_name': None, 'language_code': 'uk', 'can_join_groups': None, 'can_read_all_group_messages': None, 'supports_inline_queries': None, 'is_premium': None, 'added_to_attachment_menu': None}, 1701272344
INFO:root:User {'id': 320496591, 'is_bot': False, 'first_name': 'непередаване', 'username': 'neperedavane', 'last_name': None, 'language_code': 'uk', 'can_join_groups': None, 'can_read_all_group_messages': None, 'supports_inline_queries': None, 'is_premium': None, 'added_to_attachment_menu': None} searched for second coming
INFO:root:Start command by {'id': 320496591, 'is_bot': False, 'first_name': 'непередаване', 'username': 'neperedavane', 'last_name': None, 'language_code': 'uk', 'can_join_groups': None, 'can_read_all_group_messages': None, 'supports_inline_queries': None, 'is_premium': None, 'added_to_attachment_menu': None}, 1701272480
INFO:root:User {'id': 320496591, 'is_bot': False, 'first_name': 'непередаване', 'username': 'neperedavane', 'last_name': None, 'language_code': 'uk', 'can_join_groups': None, 'can_read_all_group_messages': None, 'supports_inline_queries': None, 'is_premium': None, 'added_to_attachment_menu': None} searched for second coming
INFO:root:Start command by {'id': 320496591, 'is_bot': False, 'first_name': 'непередаване', 'username': 'neperedavane', 'last_name': None, 'language_code': 'uk', 'can_join_groups': None, 'can_read_all_group_messages': None, 'supports_inline_queries': None, 'is_premium': None, 'added_to_attachment_menu': None}, 1701272558
INFO:root:User {'id': 320496591, 'is_bot': False, 'first_name': 'непередаване', 'username': 'neperedavane', 'last_name': None, 'language_code': 'uk', 'can_join_groups': None, 'can_read_all_group_messages': None, 'supports_inline_queries': None, 'is_premium': None, 'added_to_attachment_menu': None} searched for second coming
INFO:root:Start command by {'id': 320496591, 'is_bot': False, 'first_name': 'непередаване', 'username': 'neperedavane', 'last_name': None, 'language_code': 'uk', 'can_join_groups': None, 'can_read_all_group_messages': None, 'supports_inline_queries': None, 'is_premium': None, 'added_to_attachment_menu': None}, 1701272622
INFO:root:User {'id': 320496591, 'is_bot': False, 'first_name': 'непередаване', 'username': 'neperedavane', 'last_name': None, 'language_code': 'uk', 'can_join_groups': None, 'can_read_all_group_messages': None, 'supports_inline_queries': None, 'is_premium': None, 'added_to_attachment_menu': None} searched for second coming
INFO:root:Start command by {'id': 320496591, 'is_bot': False, 'first_name': 'непередаване', 'username': 'neperedavane', 'last_name': None, 'language_code': 'uk', 'can_join_groups': None, 'can_read_all_group_messages': None, 'supports_inline_queries': None, 'is_premium': None, 'added_to_attachment_menu': None}, 1701272688
INFO:root:User {'id': 320496591, 'is_bot': False, 'first_name': 'непередаване', 'username': 'neperedavane', 'last_name': None, 'language_code': 'uk', 'can_join_groups': None, 'can_read_all_group_messages': None, 'supports_inline_queries': None, 'is_premium': None, 'added_to_attachment_menu': None} searched for second coming
INFO:root:Start command by {'id': 320496591, 'is_bot': False, 'first_name': 'непередаване', 'username': 'neperedavane', 'last_name': None, 'language_code': 'uk', 'can_join_groups': None, 'can_read_all_group_messages': None, 'supports_inline_queries': None, 'is_premium': None, 'added_to_attachment_menu': None}, 1701272744
INFO:root:User {'id': 320496591, 'is_bot': False, 'first_name': 'непередаване', 'username': 'neperedavane', 'last_name': None, 'language_code': 'uk', 'can_join_groups': None, 'can_read_all_group_messages': None, 'supports_inline_queries': None, 'is_premium': None, 'added_to_attachment_menu': None} searched for https://open.spotify.com/album/3DE7aixVSE6DZ6ALYIztT0
INFO:root:Start command by {'id': 320496591, 'is_bot': False, 'first_name': 'непередаване', 'username': 'neperedavane', 'last_name': None, 'language_code': 'uk', 'can_join_groups': None, 'can_read_all_group_messages': None, 'supports_inline_queries': None, 'is_premium': None, 'added_to_attachment_menu': None}, 1701273042
INFO:root:User {'id': 320496591, 'is_bot': False, 'first_name': 'непередаване', 'username': 'neperedavane', 'last_name': None, 'language_code': 'uk', 'can_join_groups': None, 'can_read_all_group_messages': None, 'supports_inline_queries': None, 'is_premium': None, 'added_to_attachment_menu': None} searched for https://open.spotify.com/album/3DE7aixVSE6DZ6ALYIztT0
ERROR:TeleBot:Threaded polling exception: A request to the Telegram API was unsuccessful. Error code: 400. Description: Bad Request: message can't be edited
ERROR:TeleBot:Exception traceback:
Traceback (most recent call last):
  File "C:\Users\Cockroach\Documents\1PROJECTS\py\spotify_info_bot\venv\Lib\site-packages\telebot\__init__.py", line 1074, in __threaded_polling
    self.worker_pool.raise_exceptions()
  File "C:\Users\Cockroach\Documents\1PROJECTS\py\spotify_info_bot\venv\Lib\site-packages\telebot\util.py", line 147, in raise_exceptions
    raise self.exception_info
  File "C:\Users\Cockroach\Documents\1PROJECTS\py\spotify_info_bot\venv\Lib\site-packages\telebot\util.py", line 90, in run
    task(*args, **kwargs)
  File "C:\Users\Cockroach\Documents\1PROJECTS\py\spotify_info_bot\src\app.py", line 131, in name_or_link
    get_playlist_by_link(message)
  File "C:\Users\Cockroach\Documents\1PROJECTS\py\spotify_info_bot\src\app.py", line 164, in get_playlist_by_link
    send_specific_info(message, from_link=True)
  File "C:\Users\Cockroach\Documents\1PROJECTS\py\spotify_info_bot\src\app.py", line 363, in send_specific_info
    bot.edit_message_text(chat_id=message.chat.id, message_id=message.message_id,
  File "C:\Users\Cockroach\Documents\1PROJECTS\py\spotify_info_bot\venv\Lib\site-packages\telebot\__init__.py", line 3839, in edit_message_text
    result = apihelper.edit_message_text(self.token, text, chat_id, message_id, inline_message_id, parse_mode,
             ^^^^^^^^^^^^^^^^^^^^^^^^^^^^^^^^^^^^^^^^^^^^^^^^^^^^^^^^^^^^^^^^^^^^^^^^^^^^^^^^^^^^^^^^^^^^^^^^^
  File "C:\Users\Cockroach\Documents\1PROJECTS\py\spotify_info_bot\venv\Lib\site-packages\telebot\apihelper.py", line 1327, in edit_message_text
    return _make_request(token, method_url, params=payload, method='post')
           ^^^^^^^^^^^^^^^^^^^^^^^^^^^^^^^^^^^^^^^^^^^^^^^^^^^^^^^^^^^^^^^
  File "C:\Users\Cockroach\Documents\1PROJECTS\py\spotify_info_bot\venv\Lib\site-packages\telebot\apihelper.py", line 162, in _make_request
    json_result = _check_result(method_name, result)
                  ^^^^^^^^^^^^^^^^^^^^^^^^^^^^^^^^^^
  File "C:\Users\Cockroach\Documents\1PROJECTS\py\spotify_info_bot\venv\Lib\site-packages\telebot\apihelper.py", line 189, in _check_result
    raise ApiTelegramException(method_name, result, result_json)
telebot.apihelper.ApiTelegramException: A request to the Telegram API was unsuccessful. Error code: 400. Description: Bad Request: message can't be edited

INFO:root:Start command by {'id': 320496591, 'is_bot': False, 'first_name': 'непередаване', 'username': 'neperedavane', 'last_name': None, 'language_code': 'uk', 'can_join_groups': None, 'can_read_all_group_messages': None, 'supports_inline_queries': None, 'is_premium': None, 'added_to_attachment_menu': None}, 1701273155
INFO:root:User {'id': 320496591, 'is_bot': False, 'first_name': 'непередаване', 'username': 'neperedavane', 'last_name': None, 'language_code': 'uk', 'can_join_groups': None, 'can_read_all_group_messages': None, 'supports_inline_queries': None, 'is_premium': None, 'added_to_attachment_menu': None} searched for https://open.spotify.com/album/3DE7aixVSE6DZ6ALYIztT0
INFO:root:User {'id': 320496591, 'is_bot': False, 'first_name': 'непередаване', 'username': 'neperedavane', 'last_name': None, 'language_code': 'uk', 'can_join_groups': None, 'can_read_all_group_messages': None, 'supports_inline_queries': None, 'is_premium': None, 'added_to_attachment_menu': None} searched for https://open.spotify.com/album/3DE7aixVSE6DZ6ALYIztT0
INFO:root:Start command by {'id': 320496591, 'is_bot': False, 'first_name': 'непередаване', 'username': 'neperedavane', 'last_name': None, 'language_code': 'uk', 'can_join_groups': None, 'can_read_all_group_messages': None, 'supports_inline_queries': None, 'is_premium': None, 'added_to_attachment_menu': None}, 1701273200
INFO:root:User {'id': 320496591, 'is_bot': False, 'first_name': 'непередаване', 'username': 'neperedavane', 'last_name': None, 'language_code': 'uk', 'can_join_groups': None, 'can_read_all_group_messages': None, 'supports_inline_queries': None, 'is_premium': None, 'added_to_attachment_menu': None} searched for second coming
INFO:root:Start command by {'id': 320496591, 'is_bot': False, 'first_name': 'непередаване', 'username': 'neperedavane', 'last_name': None, 'language_code': 'uk', 'can_join_groups': None, 'can_read_all_group_messages': None, 'supports_inline_queries': None, 'is_premium': None, 'added_to_attachment_menu': None}, 1701273251
INFO:root:User {'id': 320496591, 'is_bot': False, 'first_name': 'непередаване', 'username': 'neperedavane', 'last_name': None, 'language_code': 'uk', 'can_join_groups': None, 'can_read_all_group_messages': None, 'supports_inline_queries': None, 'is_premium': None, 'added_to_attachment_menu': None} searched for https://open.spotify.com/album/3DE7aixVSE6DZ6ALYIztT0
INFO:root:User {'id': 320496591, 'is_bot': False, 'first_name': 'непередаване', 'username': 'neperedavane', 'last_name': None, 'language_code': 'uk', 'can_join_groups': None, 'can_read_all_group_messages': None, 'supports_inline_queries': None, 'is_premium': None, 'added_to_attachment_menu': None} searched for https://open.spotify.com/album/3DE7aixVSE6DZ6ALYIztT0
INFO:root:Start command by {'id': 320496591, 'is_bot': False, 'first_name': 'непередаване', 'username': 'neperedavane', 'last_name': None, 'language_code': 'uk', 'can_join_groups': None, 'can_read_all_group_messages': None, 'supports_inline_queries': None, 'is_premium': None, 'added_to_attachment_menu': None}, 1701273900
INFO:root:User {'id': 320496591, 'is_bot': False, 'first_name': 'непередаване', 'username': 'neperedavane', 'last_name': None, 'language_code': 'uk', 'can_join_groups': None, 'can_read_all_group_messages': None, 'supports_inline_queries': None, 'is_premium': None, 'added_to_attachment_menu': None} searched for https://open.spotify.com/album/3DE7aixVSE6DZ6ALYIztT0
INFO:root:User {'id': 320496591, 'is_bot': False, 'first_name': 'непередаване', 'username': 'neperedavane', 'last_name': None, 'language_code': 'uk', 'can_join_groups': None, 'can_read_all_group_messages': None, 'supports_inline_queries': None, 'is_premium': None, 'added_to_attachment_menu': None} searched for https://open.spotify.com/album/3DE7aixVSE6DZ6ALYIztT0
INFO:root:Start command by {'id': 320496591, 'is_bot': False, 'first_name': 'непередаване', 'username': 'neperedavane', 'last_name': None, 'language_code': 'uk', 'can_join_groups': None, 'can_read_all_group_messages': None, 'supports_inline_queries': None, 'is_premium': None, 'added_to_attachment_menu': None}, 1701273947
INFO:root:User {'id': 320496591, 'is_bot': False, 'first_name': 'непередаване', 'username': 'neperedavane', 'last_name': None, 'language_code': 'uk', 'can_join_groups': None, 'can_read_all_group_messages': None, 'supports_inline_queries': None, 'is_premium': None, 'added_to_attachment_menu': None} searched for second coming
INFO:root:Start command by {'id': 320496591, 'is_bot': False, 'first_name': 'непередаване', 'username': 'neperedavane', 'last_name': None, 'language_code': 'uk', 'can_join_groups': None, 'can_read_all_group_messages': None, 'supports_inline_queries': None, 'is_premium': None, 'added_to_attachment_menu': None}, 1701275381
INFO:root:User {'id': 320496591, 'is_bot': False, 'first_name': 'непередаване', 'username': 'neperedavane', 'last_name': None, 'language_code': 'uk', 'can_join_groups': None, 'can_read_all_group_messages': None, 'supports_inline_queries': None, 'is_premium': None, 'added_to_attachment_menu': None} searched for second coming
INFO:root:User {'id': 320496591, 'is_bot': False, 'first_name': 'непередаване', 'username': 'neperedavane', 'last_name': None, 'language_code': 'uk', 'can_join_groups': None, 'can_read_all_group_messages': None, 'supports_inline_queries': None, 'is_premium': None, 'added_to_attachment_menu': None} searched for second coming
ERROR:TeleBot:Threaded polling exception: A request to the Telegram API was unsuccessful. Error code: 400. Description: Bad Request: message to delete not found
ERROR:TeleBot:Exception traceback:
Traceback (most recent call last):
  File "C:\Users\Cockroach\Documents\1PROJECTS\py\spotify_info_bot\venv\Lib\site-packages\telebot\__init__.py", line 1074, in __threaded_polling
    self.worker_pool.raise_exceptions()
  File "C:\Users\Cockroach\Documents\1PROJECTS\py\spotify_info_bot\venv\Lib\site-packages\telebot\util.py", line 147, in raise_exceptions
    raise self.exception_info
  File "C:\Users\Cockroach\Documents\1PROJECTS\py\spotify_info_bot\venv\Lib\site-packages\telebot\util.py", line 90, in run
    task(*args, **kwargs)
  File "C:\Users\Cockroach\Documents\1PROJECTS\py\spotify_info_bot\venv\Lib\site-packages\telebot\__init__.py", line 6801, in _run_middlewares_and_handler
    result = handler['function'](message)
             ^^^^^^^^^^^^^^^^^^^^^^^^^^^^
  File "C:\Users\Cockroach\Documents\1PROJECTS\py\spotify_info_bot\src\app.py", line 405, in callback_query
    bot.delete_message(call.message.chat.id, call.message.id - 1)
  File "C:\Users\Cockroach\Documents\1PROJECTS\py\spotify_info_bot\venv\Lib\site-packages\telebot\__init__.py", line 1696, in delete_message
    return apihelper.delete_message(self.token, chat_id, message_id, timeout)
           ^^^^^^^^^^^^^^^^^^^^^^^^^^^^^^^^^^^^^^^^^^^^^^^^^^^^^^^^^^^^^^^^^^
  File "C:\Users\Cockroach\Documents\1PROJECTS\py\spotify_info_bot\venv\Lib\site-packages\telebot\apihelper.py", line 1383, in delete_message
    return _make_request(token, method_url, params=payload, method='post')
           ^^^^^^^^^^^^^^^^^^^^^^^^^^^^^^^^^^^^^^^^^^^^^^^^^^^^^^^^^^^^^^^
  File "C:\Users\Cockroach\Documents\1PROJECTS\py\spotify_info_bot\venv\Lib\site-packages\telebot\apihelper.py", line 162, in _make_request
    json_result = _check_result(method_name, result)
                  ^^^^^^^^^^^^^^^^^^^^^^^^^^^^^^^^^^
  File "C:\Users\Cockroach\Documents\1PROJECTS\py\spotify_info_bot\venv\Lib\site-packages\telebot\apihelper.py", line 189, in _check_result
    raise ApiTelegramException(method_name, result, result_json)
telebot.apihelper.ApiTelegramException: A request to the Telegram API was unsuccessful. Error code: 400. Description: Bad Request: message to delete not found

INFO:root:Start command by {'id': 320496591, 'is_bot': False, 'first_name': 'непередаване', 'username': 'neperedavane', 'last_name': None, 'language_code': 'uk', 'can_join_groups': None, 'can_read_all_group_messages': None, 'supports_inline_queries': None, 'is_premium': None, 'added_to_attachment_menu': None}, 1701275648
INFO:root:User {'id': 320496591, 'is_bot': False, 'first_name': 'непередаване', 'username': 'neperedavane', 'last_name': None, 'language_code': 'uk', 'can_join_groups': None, 'can_read_all_group_messages': None, 'supports_inline_queries': None, 'is_premium': None, 'added_to_attachment_menu': None} searched for second coming
INFO:root:User {'id': 320496591, 'is_bot': False, 'first_name': 'непередаване', 'username': 'neperedavane', 'last_name': None, 'language_code': 'uk', 'can_join_groups': None, 'can_read_all_group_messages': None, 'supports_inline_queries': None, 'is_premium': None, 'added_to_attachment_menu': None} searched for second coming
INFO:root:User {'id': 320496591, 'is_bot': False, 'first_name': 'непередаване', 'username': 'neperedavane', 'last_name': None, 'language_code': 'uk', 'can_join_groups': None, 'can_read_all_group_messages': None, 'supports_inline_queries': None, 'is_premium': None, 'added_to_attachment_menu': None} searched for second coming
ERROR:TeleBot:Threaded polling exception: A request to the Telegram API was unsuccessful. Error code: 400. Description: Bad Request: message to delete not found
ERROR:TeleBot:Exception traceback:
Traceback (most recent call last):
  File "C:\Users\Cockroach\Documents\1PROJECTS\py\spotify_info_bot\venv\Lib\site-packages\telebot\__init__.py", line 1074, in __threaded_polling
    self.worker_pool.raise_exceptions()
  File "C:\Users\Cockroach\Documents\1PROJECTS\py\spotify_info_bot\venv\Lib\site-packages\telebot\util.py", line 147, in raise_exceptions
    raise self.exception_info
  File "C:\Users\Cockroach\Documents\1PROJECTS\py\spotify_info_bot\venv\Lib\site-packages\telebot\util.py", line 90, in run
    task(*args, **kwargs)
  File "C:\Users\Cockroach\Documents\1PROJECTS\py\spotify_info_bot\venv\Lib\site-packages\telebot\__init__.py", line 6801, in _run_middlewares_and_handler
    result = handler['function'](message)
             ^^^^^^^^^^^^^^^^^^^^^^^^^^^^
  File "C:\Users\Cockroach\Documents\1PROJECTS\py\spotify_info_bot\src\app.py", line 407, in callback_query
    bot.delete_message(call.message.chat.id, call.message.id - 1)
  File "C:\Users\Cockroach\Documents\1PROJECTS\py\spotify_info_bot\venv\Lib\site-packages\telebot\__init__.py", line 1696, in delete_message
    return apihelper.delete_message(self.token, chat_id, message_id, timeout)
           ^^^^^^^^^^^^^^^^^^^^^^^^^^^^^^^^^^^^^^^^^^^^^^^^^^^^^^^^^^^^^^^^^^
  File "C:\Users\Cockroach\Documents\1PROJECTS\py\spotify_info_bot\venv\Lib\site-packages\telebot\apihelper.py", line 1383, in delete_message
    return _make_request(token, method_url, params=payload, method='post')
           ^^^^^^^^^^^^^^^^^^^^^^^^^^^^^^^^^^^^^^^^^^^^^^^^^^^^^^^^^^^^^^^
  File "C:\Users\Cockroach\Documents\1PROJECTS\py\spotify_info_bot\venv\Lib\site-packages\telebot\apihelper.py", line 162, in _make_request
    json_result = _check_result(method_name, result)
                  ^^^^^^^^^^^^^^^^^^^^^^^^^^^^^^^^^^
  File "C:\Users\Cockroach\Documents\1PROJECTS\py\spotify_info_bot\venv\Lib\site-packages\telebot\apihelper.py", line 189, in _check_result
    raise ApiTelegramException(method_name, result, result_json)
telebot.apihelper.ApiTelegramException: A request to the Telegram API was unsuccessful. Error code: 400. Description: Bad Request: message to delete not found

INFO:root:Start command by {'id': 320496591, 'is_bot': False, 'first_name': 'непередаване', 'username': 'neperedavane', 'last_name': None, 'language_code': 'uk', 'can_join_groups': None, 'can_read_all_group_messages': None, 'supports_inline_queries': None, 'is_premium': None, 'added_to_attachment_menu': None}, 1701275725
INFO:root:User {'id': 320496591, 'is_bot': False, 'first_name': 'непередаване', 'username': 'neperedavane', 'last_name': None, 'language_code': 'uk', 'can_join_groups': None, 'can_read_all_group_messages': None, 'supports_inline_queries': None, 'is_premium': None, 'added_to_attachment_menu': None} searched for https://open.spotify.com/album/3DE7aixVSE6DZ6ALYIztT0
INFO:root:User {'id': 320496591, 'is_bot': False, 'first_name': 'непередаване', 'username': 'neperedavane', 'last_name': None, 'language_code': 'uk', 'can_join_groups': None, 'can_read_all_group_messages': None, 'supports_inline_queries': None, 'is_premium': None, 'added_to_attachment_menu': None} searched for https://open.spotify.com/album/3DE7aixVSE6DZ6ALYIztT0
INFO:root:Start command by {'id': 320496591, 'is_bot': False, 'first_name': 'непередаване', 'username': 'neperedavane', 'last_name': None, 'language_code': 'uk', 'can_join_groups': None, 'can_read_all_group_messages': None, 'supports_inline_queries': None, 'is_premium': None, 'added_to_attachment_menu': None}, 1701275885
INFO:root:User {'id': 320496591, 'is_bot': False, 'first_name': 'непередаване', 'username': 'neperedavane', 'last_name': None, 'language_code': 'uk', 'can_join_groups': None, 'can_read_all_group_messages': None, 'supports_inline_queries': None, 'is_premium': None, 'added_to_attachment_menu': None} searched for https://open.spotify.com/album/3DE7aixVSE6DZ6ALYIztT0
INFO:root:User {'id': 320496591, 'is_bot': False, 'first_name': 'непередаване', 'username': 'neperedavane', 'last_name': None, 'language_code': 'uk', 'can_join_groups': None, 'can_read_all_group_messages': None, 'supports_inline_queries': None, 'is_premium': None, 'added_to_attachment_menu': None} searched for https://open.spotify.com/album/3DE7aixVSE6DZ6ALYIztT0
INFO:root:Start command by {'id': 320496591, 'is_bot': False, 'first_name': 'непередаване', 'username': 'neperedavane', 'last_name': None, 'language_code': 'uk', 'can_join_groups': None, 'can_read_all_group_messages': None, 'supports_inline_queries': None, 'is_premium': None, 'added_to_attachment_menu': None}, 1701276062
INFO:root:User {'id': 320496591, 'is_bot': False, 'first_name': 'непередаване', 'username': 'neperedavane', 'last_name': None, 'language_code': 'uk', 'can_join_groups': None, 'can_read_all_group_messages': None, 'supports_inline_queries': None, 'is_premium': None, 'added_to_attachment_menu': None} searched for second coming
INFO:root:Start command by {'id': 320496591, 'is_bot': False, 'first_name': 'непередаване', 'username': 'neperedavane', 'last_name': None, 'language_code': 'uk', 'can_join_groups': None, 'can_read_all_group_messages': None, 'supports_inline_queries': None, 'is_premium': None, 'added_to_attachment_menu': None}, 1701276117
INFO:root:User {'id': 320496591, 'is_bot': False, 'first_name': 'непередаване', 'username': 'neperedavane', 'last_name': None, 'language_code': 'uk', 'can_join_groups': None, 'can_read_all_group_messages': None, 'supports_inline_queries': None, 'is_premium': None, 'added_to_attachment_menu': None} searched for https://open.spotify.com/album/3DE7aixVSE6DZ6ALYIztT0
INFO:root:User {'id': 320496591, 'is_bot': False, 'first_name': 'непередаване', 'username': 'neperedavane', 'last_name': None, 'language_code': 'uk', 'can_join_groups': None, 'can_read_all_group_messages': None, 'supports_inline_queries': None, 'is_premium': None, 'added_to_attachment_menu': None} searched for second coming
INFO:root:Start command by {'id': 320496591, 'is_bot': False, 'first_name': 'непередаване', 'username': 'neperedavane', 'last_name': None, 'language_code': 'uk', 'can_join_groups': None, 'can_read_all_group_messages': None, 'supports_inline_queries': None, 'is_premium': None, 'added_to_attachment_menu': None}, 1701276117
INFO:root:Start command by {'id': 320496591, 'is_bot': False, 'first_name': 'непередаване', 'username': 'neperedavane', 'last_name': None, 'language_code': 'uk', 'can_join_groups': None, 'can_read_all_group_messages': None, 'supports_inline_queries': None, 'is_premium': None, 'added_to_attachment_menu': None}, 1701276188
INFO:root:User {'id': 320496591, 'is_bot': False, 'first_name': 'непередаване', 'username': 'neperedavane', 'last_name': None, 'language_code': 'uk', 'can_join_groups': None, 'can_read_all_group_messages': None, 'supports_inline_queries': None, 'is_premium': None, 'added_to_attachment_menu': None} searched for second coming
INFO:root:Start command by {'id': 320496591, 'is_bot': False, 'first_name': 'непередаване', 'username': 'neperedavane', 'last_name': None, 'language_code': 'uk', 'can_join_groups': None, 'can_read_all_group_messages': None, 'supports_inline_queries': None, 'is_premium': None, 'added_to_attachment_menu': None}, 1701276234
INFO:root:User {'id': 320496591, 'is_bot': False, 'first_name': 'непередаване', 'username': 'neperedavane', 'last_name': None, 'language_code': 'uk', 'can_join_groups': None, 'can_read_all_group_messages': None, 'supports_inline_queries': None, 'is_premium': None, 'added_to_attachment_menu': None} searched for second coming
INFO:root:User {'id': 320496591, 'is_bot': False, 'first_name': 'непередаване', 'username': 'neperedavane', 'last_name': None, 'language_code': 'uk', 'can_join_groups': None, 'can_read_all_group_messages': None, 'supports_inline_queries': None, 'is_premium': None, 'added_to_attachment_menu': None} searched for second coming
INFO:root:User {'id': 320496591, 'is_bot': False, 'first_name': 'непередаване', 'username': 'neperedavane', 'last_name': None, 'language_code': 'uk', 'can_join_groups': None, 'can_read_all_group_messages': None, 'supports_inline_queries': None, 'is_premium': None, 'added_to_attachment_menu': None} searched for second coming
ERROR:TeleBot:Threaded polling exception: A request to the Telegram API was unsuccessful. Error code: 400. Description: Bad Request: message to delete not found
ERROR:TeleBot:Exception traceback:
Traceback (most recent call last):
  File "C:\Users\Cockroach\Documents\1PROJECTS\py\spotify_info_bot\venv\Lib\site-packages\telebot\__init__.py", line 1074, in __threaded_polling
    self.worker_pool.raise_exceptions()
  File "C:\Users\Cockroach\Documents\1PROJECTS\py\spotify_info_bot\venv\Lib\site-packages\telebot\util.py", line 147, in raise_exceptions
    raise self.exception_info
  File "C:\Users\Cockroach\Documents\1PROJECTS\py\spotify_info_bot\venv\Lib\site-packages\telebot\util.py", line 90, in run
    task(*args, **kwargs)
  File "C:\Users\Cockroach\Documents\1PROJECTS\py\spotify_info_bot\venv\Lib\site-packages\telebot\__init__.py", line 6801, in _run_middlewares_and_handler
    result = handler['function'](message)
             ^^^^^^^^^^^^^^^^^^^^^^^^^^^^
  File "C:\Users\Cockroach\Documents\1PROJECTS\py\spotify_info_bot\src\app.py", line 408, in callback_query
    bot.delete_message(call.message.chat.id, call.message.id - 1)
  File "C:\Users\Cockroach\Documents\1PROJECTS\py\spotify_info_bot\venv\Lib\site-packages\telebot\__init__.py", line 1696, in delete_message
    return apihelper.delete_message(self.token, chat_id, message_id, timeout)
           ^^^^^^^^^^^^^^^^^^^^^^^^^^^^^^^^^^^^^^^^^^^^^^^^^^^^^^^^^^^^^^^^^^
  File "C:\Users\Cockroach\Documents\1PROJECTS\py\spotify_info_bot\venv\Lib\site-packages\telebot\apihelper.py", line 1383, in delete_message
    return _make_request(token, method_url, params=payload, method='post')
           ^^^^^^^^^^^^^^^^^^^^^^^^^^^^^^^^^^^^^^^^^^^^^^^^^^^^^^^^^^^^^^^
  File "C:\Users\Cockroach\Documents\1PROJECTS\py\spotify_info_bot\venv\Lib\site-packages\telebot\apihelper.py", line 162, in _make_request
    json_result = _check_result(method_name, result)
                  ^^^^^^^^^^^^^^^^^^^^^^^^^^^^^^^^^^
  File "C:\Users\Cockroach\Documents\1PROJECTS\py\spotify_info_bot\venv\Lib\site-packages\telebot\apihelper.py", line 189, in _check_result
    raise ApiTelegramException(method_name, result, result_json)
telebot.apihelper.ApiTelegramException: A request to the Telegram API was unsuccessful. Error code: 400. Description: Bad Request: message to delete not found

INFO:root:Start command by {'id': 320496591, 'is_bot': False, 'first_name': 'непередаване', 'username': 'neperedavane', 'last_name': None, 'language_code': 'uk', 'can_join_groups': None, 'can_read_all_group_messages': None, 'supports_inline_queries': None, 'is_premium': None, 'added_to_attachment_menu': None}, 1701276268
INFO:root:User {'id': 320496591, 'is_bot': False, 'first_name': 'непередаване', 'username': 'neperedavane', 'last_name': None, 'language_code': 'uk', 'can_join_groups': None, 'can_read_all_group_messages': None, 'supports_inline_queries': None, 'is_premium': None, 'added_to_attachment_menu': None} searched for second coming
INFO:root:User {'id': 320496591, 'is_bot': False, 'first_name': 'непередаване', 'username': 'neperedavane', 'last_name': None, 'language_code': 'uk', 'can_join_groups': None, 'can_read_all_group_messages': None, 'supports_inline_queries': None, 'is_premium': None, 'added_to_attachment_menu': None} searched for second coming
INFO:root:Start command by {'id': 320496591, 'is_bot': False, 'first_name': 'непередаване', 'username': 'neperedavane', 'last_name': None, 'language_code': 'uk', 'can_join_groups': None, 'can_read_all_group_messages': None, 'supports_inline_queries': None, 'is_premium': None, 'added_to_attachment_menu': None}, 1701276344
INFO:root:User {'id': 320496591, 'is_bot': False, 'first_name': 'непередаване', 'username': 'neperedavane', 'last_name': None, 'language_code': 'uk', 'can_join_groups': None, 'can_read_all_group_messages': None, 'supports_inline_queries': None, 'is_premium': None, 'added_to_attachment_menu': None} searched for second coming
INFO:root:User {'id': 320496591, 'is_bot': False, 'first_name': 'непередаване', 'username': 'neperedavane', 'last_name': None, 'language_code': 'uk', 'can_join_groups': None, 'can_read_all_group_messages': None, 'supports_inline_queries': None, 'is_premium': None, 'added_to_attachment_menu': None} searched for second coming
INFO:root:Start command by {'id': 320496591, 'is_bot': False, 'first_name': 'непередаване', 'username': 'neperedavane', 'last_name': None, 'language_code': 'uk', 'can_join_groups': None, 'can_read_all_group_messages': None, 'supports_inline_queries': None, 'is_premium': None, 'added_to_attachment_menu': None}, 1701276514
INFO:root:User {'id': 320496591, 'is_bot': False, 'first_name': 'непередаване', 'username': 'neperedavane', 'last_name': None, 'language_code': 'uk', 'can_join_groups': None, 'can_read_all_group_messages': None, 'supports_inline_queries': None, 'is_premium': None, 'added_to_attachment_menu': None} searched for second coming
INFO:root:User {'id': 320496591, 'is_bot': False, 'first_name': 'непередаване', 'username': 'neperedavane', 'last_name': None, 'language_code': 'uk', 'can_join_groups': None, 'can_read_all_group_messages': None, 'supports_inline_queries': None, 'is_premium': None, 'added_to_attachment_menu': None} searched for second coming
INFO:root:Start command by {'id': 320496591, 'is_bot': False, 'first_name': 'непередаване', 'username': 'neperedavane', 'last_name': None, 'language_code': 'uk', 'can_join_groups': None, 'can_read_all_group_messages': None, 'supports_inline_queries': None, 'is_premium': None, 'added_to_attachment_menu': None}, 1701276545
INFO:root:User {'id': 320496591, 'is_bot': False, 'first_name': 'непередаване', 'username': 'neperedavane', 'last_name': None, 'language_code': 'uk', 'can_join_groups': None, 'can_read_all_group_messages': None, 'supports_inline_queries': None, 'is_premium': None, 'added_to_attachment_menu': None} searched for second coming
INFO:root:User {'id': 320496591, 'is_bot': False, 'first_name': 'непередаване', 'username': 'neperedavane', 'last_name': None, 'language_code': 'uk', 'can_join_groups': None, 'can_read_all_group_messages': None, 'supports_inline_queries': None, 'is_premium': None, 'added_to_attachment_menu': None} searched for second coming
ERROR:TeleBot:Threaded polling exception: A request to the Telegram API was unsuccessful. Error code: 400. Description: Bad Request: message can't be edited
ERROR:TeleBot:Exception traceback:
Traceback (most recent call last):
  File "C:\Users\Cockroach\Documents\1PROJECTS\py\spotify_info_bot\venv\Lib\site-packages\telebot\__init__.py", line 1074, in __threaded_polling
    self.worker_pool.raise_exceptions()
  File "C:\Users\Cockroach\Documents\1PROJECTS\py\spotify_info_bot\venv\Lib\site-packages\telebot\util.py", line 147, in raise_exceptions
    raise self.exception_info
  File "C:\Users\Cockroach\Documents\1PROJECTS\py\spotify_info_bot\venv\Lib\site-packages\telebot\util.py", line 90, in run
    task(*args, **kwargs)
  File "C:\Users\Cockroach\Documents\1PROJECTS\py\spotify_info_bot\venv\Lib\site-packages\telebot\__init__.py", line 6801, in _run_middlewares_and_handler
    result = handler['function'](message)
             ^^^^^^^^^^^^^^^^^^^^^^^^^^^^
  File "C:\Users\Cockroach\Documents\1PROJECTS\py\spotify_info_bot\src\app.py", line 416, in callback_query
    msgs_list.send_prev_msg()
  File "C:\Users\Cockroach\Documents\1PROJECTS\py\spotify_info_bot\src\app.py", line 74, in send_prev_msg
    self.head.prev_msg.msg_func(self.head.prev_msg.msg, prev=True)
  File "C:\Users\Cockroach\Documents\1PROJECTS\py\spotify_info_bot\src\app.py", line 150, in name_or_link
    bot.edit_message_text(chat_id=message.chat.id, message_id=message.message_id,
  File "C:\Users\Cockroach\Documents\1PROJECTS\py\spotify_info_bot\venv\Lib\site-packages\telebot\__init__.py", line 3839, in edit_message_text
    result = apihelper.edit_message_text(self.token, text, chat_id, message_id, inline_message_id, parse_mode,
             ^^^^^^^^^^^^^^^^^^^^^^^^^^^^^^^^^^^^^^^^^^^^^^^^^^^^^^^^^^^^^^^^^^^^^^^^^^^^^^^^^^^^^^^^^^^^^^^^^
  File "C:\Users\Cockroach\Documents\1PROJECTS\py\spotify_info_bot\venv\Lib\site-packages\telebot\apihelper.py", line 1327, in edit_message_text
    return _make_request(token, method_url, params=payload, method='post')
           ^^^^^^^^^^^^^^^^^^^^^^^^^^^^^^^^^^^^^^^^^^^^^^^^^^^^^^^^^^^^^^^
  File "C:\Users\Cockroach\Documents\1PROJECTS\py\spotify_info_bot\venv\Lib\site-packages\telebot\apihelper.py", line 162, in _make_request
    json_result = _check_result(method_name, result)
                  ^^^^^^^^^^^^^^^^^^^^^^^^^^^^^^^^^^
  File "C:\Users\Cockroach\Documents\1PROJECTS\py\spotify_info_bot\venv\Lib\site-packages\telebot\apihelper.py", line 189, in _check_result
    raise ApiTelegramException(method_name, result, result_json)
telebot.apihelper.ApiTelegramException: A request to the Telegram API was unsuccessful. Error code: 400. Description: Bad Request: message can't be edited

INFO:root:Start command by {'id': 320496591, 'is_bot': False, 'first_name': 'непередаване', 'username': 'neperedavane', 'last_name': None, 'language_code': 'uk', 'can_join_groups': None, 'can_read_all_group_messages': None, 'supports_inline_queries': None, 'is_premium': None, 'added_to_attachment_menu': None}, 1701276658
INFO:root:User {'id': 320496591, 'is_bot': False, 'first_name': 'непередаване', 'username': 'neperedavane', 'last_name': None, 'language_code': 'uk', 'can_join_groups': None, 'can_read_all_group_messages': None, 'supports_inline_queries': None, 'is_premium': None, 'added_to_attachment_menu': None} searched for second coming
INFO:root:User {'id': 320496591, 'is_bot': False, 'first_name': 'непередаване', 'username': 'neperedavane', 'last_name': None, 'language_code': 'uk', 'can_join_groups': None, 'can_read_all_group_messages': None, 'supports_inline_queries': None, 'is_premium': None, 'added_to_attachment_menu': None} searched for second coming
INFO:root:User {'id': 320496591, 'is_bot': False, 'first_name': 'непередаване', 'username': 'neperedavane', 'last_name': None, 'language_code': 'uk', 'can_join_groups': None, 'can_read_all_group_messages': None, 'supports_inline_queries': None, 'is_premium': None, 'added_to_attachment_menu': None} searched for https://open.spotify.com/album/3DE7aixVSE6DZ6ALYIztT0
INFO:root:User {'id': 320496591, 'is_bot': False, 'first_name': 'непередаване', 'username': 'neperedavane', 'last_name': None, 'language_code': 'uk', 'can_join_groups': None, 'can_read_all_group_messages': None, 'supports_inline_queries': None, 'is_premium': None, 'added_to_attachment_menu': None} searched for second coming
INFO:root:User {'id': 320496591, 'is_bot': False, 'first_name': 'непередаване', 'username': 'neperedavane', 'last_name': None, 'language_code': 'uk', 'can_join_groups': None, 'can_read_all_group_messages': None, 'supports_inline_queries': None, 'is_premium': None, 'added_to_attachment_menu': None} searched for second coming
INFO:root:User {'id': 320496591, 'is_bot': False, 'first_name': 'непередаване', 'username': 'neperedavane', 'last_name': None, 'language_code': 'uk', 'can_join_groups': None, 'can_read_all_group_messages': None, 'supports_inline_queries': None, 'is_premium': None, 'added_to_attachment_menu': None} searched for second coming
INFO:root:Start command by {'id': 320496591, 'is_bot': False, 'first_name': 'непередаване', 'username': 'neperedavane', 'last_name': None, 'language_code': 'uk', 'can_join_groups': None, 'can_read_all_group_messages': None, 'supports_inline_queries': None, 'is_premium': None, 'added_to_attachment_menu': None}, 1701276792
INFO:root:User {'id': 320496591, 'is_bot': False, 'first_name': 'непередаване', 'username': 'neperedavane', 'last_name': None, 'language_code': 'uk', 'can_join_groups': None, 'can_read_all_group_messages': None, 'supports_inline_queries': None, 'is_premium': None, 'added_to_attachment_menu': None} searched for second coming
INFO:root:User {'id': 320496591, 'is_bot': False, 'first_name': 'непередаване', 'username': 'neperedavane', 'last_name': None, 'language_code': 'uk', 'can_join_groups': None, 'can_read_all_group_messages': None, 'supports_inline_queries': None, 'is_premium': None, 'added_to_attachment_menu': None} searched for second coming
ERROR:TeleBot:Threaded polling exception: A request to the Telegram API was unsuccessful. Error code: 400. Description: Bad Request: message to delete not found
ERROR:TeleBot:Exception traceback:
Traceback (most recent call last):
  File "C:\Users\Cockroach\Documents\1PROJECTS\py\spotify_info_bot\venv\Lib\site-packages\telebot\__init__.py", line 1074, in __threaded_polling
    self.worker_pool.raise_exceptions()
  File "C:\Users\Cockroach\Documents\1PROJECTS\py\spotify_info_bot\venv\Lib\site-packages\telebot\util.py", line 147, in raise_exceptions
    raise self.exception_info
  File "C:\Users\Cockroach\Documents\1PROJECTS\py\spotify_info_bot\venv\Lib\site-packages\telebot\util.py", line 90, in run
    task(*args, **kwargs)
  File "C:\Users\Cockroach\Documents\1PROJECTS\py\spotify_info_bot\venv\Lib\site-packages\telebot\__init__.py", line 6801, in _run_middlewares_and_handler
    result = handler['function'](message)
             ^^^^^^^^^^^^^^^^^^^^^^^^^^^^
  File "C:\Users\Cockroach\Documents\1PROJECTS\py\spotify_info_bot\src\app.py", line 413, in callback_query
    bot.delete_message(call.message.chat.id, call.message.id - 1)
  File "C:\Users\Cockroach\Documents\1PROJECTS\py\spotify_info_bot\venv\Lib\site-packages\telebot\__init__.py", line 1696, in delete_message
    return apihelper.delete_message(self.token, chat_id, message_id, timeout)
           ^^^^^^^^^^^^^^^^^^^^^^^^^^^^^^^^^^^^^^^^^^^^^^^^^^^^^^^^^^^^^^^^^^
  File "C:\Users\Cockroach\Documents\1PROJECTS\py\spotify_info_bot\venv\Lib\site-packages\telebot\apihelper.py", line 1383, in delete_message
    return _make_request(token, method_url, params=payload, method='post')
           ^^^^^^^^^^^^^^^^^^^^^^^^^^^^^^^^^^^^^^^^^^^^^^^^^^^^^^^^^^^^^^^
  File "C:\Users\Cockroach\Documents\1PROJECTS\py\spotify_info_bot\venv\Lib\site-packages\telebot\apihelper.py", line 162, in _make_request
    json_result = _check_result(method_name, result)
                  ^^^^^^^^^^^^^^^^^^^^^^^^^^^^^^^^^^
  File "C:\Users\Cockroach\Documents\1PROJECTS\py\spotify_info_bot\venv\Lib\site-packages\telebot\apihelper.py", line 189, in _check_result
    raise ApiTelegramException(method_name, result, result_json)
telebot.apihelper.ApiTelegramException: A request to the Telegram API was unsuccessful. Error code: 400. Description: Bad Request: message to delete not found

INFO:root:Start command by {'id': 320496591, 'is_bot': False, 'first_name': 'непередаване', 'username': 'neperedavane', 'last_name': None, 'language_code': 'uk', 'can_join_groups': None, 'can_read_all_group_messages': None, 'supports_inline_queries': None, 'is_premium': None, 'added_to_attachment_menu': None}, 1701276861
INFO:root:User {'id': 320496591, 'is_bot': False, 'first_name': 'непередаване', 'username': 'neperedavane', 'last_name': None, 'language_code': 'uk', 'can_join_groups': None, 'can_read_all_group_messages': None, 'supports_inline_queries': None, 'is_premium': None, 'added_to_attachment_menu': None} searched for second coming
INFO:root:User {'id': 320496591, 'is_bot': False, 'first_name': 'непередаване', 'username': 'neperedavane', 'last_name': None, 'language_code': 'uk', 'can_join_groups': None, 'can_read_all_group_messages': None, 'supports_inline_queries': None, 'is_premium': None, 'added_to_attachment_menu': None} searched for second coming
ERROR:TeleBot:Threaded polling exception: A request to the Telegram API was unsuccessful. Error code: 400. Description: Bad Request: message to delete not found
ERROR:TeleBot:Exception traceback:
Traceback (most recent call last):
  File "C:\Users\Cockroach\Documents\1PROJECTS\py\spotify_info_bot\venv\Lib\site-packages\telebot\__init__.py", line 1074, in __threaded_polling
    self.worker_pool.raise_exceptions()
  File "C:\Users\Cockroach\Documents\1PROJECTS\py\spotify_info_bot\venv\Lib\site-packages\telebot\util.py", line 147, in raise_exceptions
    raise self.exception_info
  File "C:\Users\Cockroach\Documents\1PROJECTS\py\spotify_info_bot\venv\Lib\site-packages\telebot\util.py", line 90, in run
    task(*args, **kwargs)
  File "C:\Users\Cockroach\Documents\1PROJECTS\py\spotify_info_bot\venv\Lib\site-packages\telebot\__init__.py", line 6801, in _run_middlewares_and_handler
    result = handler['function'](message)
             ^^^^^^^^^^^^^^^^^^^^^^^^^^^^
  File "C:\Users\Cockroach\Documents\1PROJECTS\py\spotify_info_bot\src\app.py", line 413, in callback_query
    bot.delete_message(call.message.chat.id, call.message.id - 1)
  File "C:\Users\Cockroach\Documents\1PROJECTS\py\spotify_info_bot\venv\Lib\site-packages\telebot\__init__.py", line 1696, in delete_message
    return apihelper.delete_message(self.token, chat_id, message_id, timeout)
           ^^^^^^^^^^^^^^^^^^^^^^^^^^^^^^^^^^^^^^^^^^^^^^^^^^^^^^^^^^^^^^^^^^
  File "C:\Users\Cockroach\Documents\1PROJECTS\py\spotify_info_bot\venv\Lib\site-packages\telebot\apihelper.py", line 1383, in delete_message
    return _make_request(token, method_url, params=payload, method='post')
           ^^^^^^^^^^^^^^^^^^^^^^^^^^^^^^^^^^^^^^^^^^^^^^^^^^^^^^^^^^^^^^^
  File "C:\Users\Cockroach\Documents\1PROJECTS\py\spotify_info_bot\venv\Lib\site-packages\telebot\apihelper.py", line 162, in _make_request
    json_result = _check_result(method_name, result)
                  ^^^^^^^^^^^^^^^^^^^^^^^^^^^^^^^^^^
  File "C:\Users\Cockroach\Documents\1PROJECTS\py\spotify_info_bot\venv\Lib\site-packages\telebot\apihelper.py", line 189, in _check_result
    raise ApiTelegramException(method_name, result, result_json)
telebot.apihelper.ApiTelegramException: A request to the Telegram API was unsuccessful. Error code: 400. Description: Bad Request: message to delete not found

INFO:root:Start command by {'id': 320496591, 'is_bot': False, 'first_name': 'непередаване', 'username': 'neperedavane', 'last_name': None, 'language_code': 'uk', 'can_join_groups': None, 'can_read_all_group_messages': None, 'supports_inline_queries': None, 'is_premium': None, 'added_to_attachment_menu': None}, 1701276904
INFO:root:Start command by {'id': 320496591, 'is_bot': False, 'first_name': 'непередаване', 'username': 'neperedavane', 'last_name': None, 'language_code': 'uk', 'can_join_groups': None, 'can_read_all_group_messages': None, 'supports_inline_queries': None, 'is_premium': None, 'added_to_attachment_menu': None}, 1701276904
